{ "msg_showcmd", "sl:1", "tick:328", false, { { 0, "k" } } }
{ "msg_showcmd", "sl:1", "tick:330", false, { { 0, "j" } } }
{ "msg_showcmd", "sl:1", "tick:332", false, { { 0, ":" } } }
{ "cmdline_show", "sl:1", "tick:333", "mode:c", { { 0, "" } } }
{ "cmdline_show", "sl:1", "tick:336", "mode:c", { { 0, "N" } } }
{ "cmdline_show", "sl:1", "tick:338", "mode:c", { { 0, "No" } } }
{ "cmdline_show", "sl:1", "tick:340", "mode:c", { { 0, "Noi" } } }
{ "cmdline_show", "sl:1", "tick:342", "mode:c", { { 0, "Noice" } } }
{ "cmdline_show", "sl:1", "tick:344", "mode:c", { { 0, "Noic" } } }
{ "cmdline_show", "sl:1", "tick:346", "mode:c", { { 0, "Noi" } } }
{ "cmdline_show", "sl:1", "tick:348", "mode:c", { { 0, "No" } } }
{ "cmdline_show", "sl:1", "tick:350", "mode:c", { { 0, "N" } } }
{ "cmdline_show", "sl:1", "tick:352", "mode:c", { { 0, "" } } }
{ "cmdline_hide", "sl:1", "tick:354", false, 1 }
{ "msg_showcmd", "sl:1", "tick:355", false, { { 0, "~@k" } } }
{ "msg_showcmd", "sl:1", "tick:357", false, { { 0, "~@k" } } }
{ "msg_showcmd", "sl:1", "tick:359", false, { { 0, "c" } } }
{ "msg_showcmd", "sl:1", "tick:360", "mode:no", { { 0, "c:" } } }
{ "cmdline_show", "sl:1", "tick:362", "mode:c", { { 0, "" } } }
{ "cmdline_show", "sl:1", "tick:364", "mode:c", { { 0, "c" } } }
{ "cmdline_show", "sl:1", "tick:366", "mode:c", { { 0, "ch" } } }
{ "cmdline_show", "sl:1", "tick:368", "mode:c", { { 0, "c" } } }
{ "cmdline_show", "sl:1", "tick:370", "mode:c", { { 0, "" } } }
{ "cmdline_hide", "sl:1", "tick:372", "mode:no", 1 }
{ "msg_showcmd", "sl:1", "tick:373", false, { { 0, "," } } }
{ "cmdline_show", "sl:1", "tick:374", "mode:c", { { 0, "" } } }
{ "cmdline_show", "sl:1", "tick:377", "mode:c", { { 0, "i" } } }
{ "cmdline_show", "sl:1", "tick:379", "mode:c", { { 0, "ih" } } }
{ "cmdline_show", "sl:1", "tick:381", "mode:c", { { 0, "ihe" } } }
{ "cmdline_show", "sl:1", "tick:383", "mode:c", { { 0, "ihel" } } }
{ "cmdline_hide", "sl:1", "tick:385", false, 1 }
{ "msg_show", "sl:1", "tick:386", false, "emsg" }
{ "msg_showcmd", "sl:1", "tick:388", false, { { 0, ":" } } }
{ "cmdline_show", "sl:1", "tick:389", "mode:c", { { 0, "" } } }
{ "cmdline_show", "sl:1", "tick:392", "mode:c", { { 0, "N" } } }
{ "cmdline_show", "sl:1", "tick:394", "mode:c", { { 0, "No" } } }
{ "cmdline_show", "sl:1", "tick:396", "mode:c", { { 0, "Noi" } } }
{ "cmdline_show", "sl:1", "tick:398", "mode:c", { { 0, "Noice" } } }
{ "cmdline_show", "sl:1", "tick:400", "mode:c", { { 0, "NoiceAll" } } }
{ "cmdline_show", "sl:1", "tick:402", "mode:c", { { 0, "NoiceConfig" } } }
{ "cmdline_show", "sl:1", "tick:404", "mode:c", { { 0, "NoiceDebug" } } }
{ "cmdline_hide", "sl:1", "tick:406", false, 1 }
